  Activating project at `~/Documents/GitHub/RxInferExamples.jl/research/cointoss`
[ Info: ================================================================================
[ Info: Coin Toss Model - Bayesian Inference with Advanced Diagnostics
[ Info: ================================================================================
â”Œ Info: Created directory
â””   path = "outputs/results"
â”Œ Info: Created directory
â””   path = "outputs/logs"
â”Œ Info: Created directory
â””   path = "outputs/animations"
â”Œ Info: Created directory
â””   path = "outputs/plots"
â”Œ Info: Created directory
â””   path = "outputs/data"
â”Œ Info: Logging configured
â”‚   verbose = true
â”‚   structured = true
â””   performance = true
[ Info: Configuration Summary:
[ Info:   Data: n=500, Î¸=0.75, seed=42
[ Info:   Prior: Beta(4.0, 8.0)
[ Info:   Inference: 10 iterations
[ Info:   Diagnostics: Memory=true, Callbacks=true, Benchmark=true
[ Info:   Theme: default
[ Info: 
[ Info: ================================================================================
[ Info: Step 1: Data Generation
[ Info: ================================================================================
[ Info: Generated 500 coin tosses
[ Info:   True Î¸: 0.75
[ Info:   Observed heads: 373.0 (74.6%)
[ Info: Saved observations to: outputs/data/coin_toss_observations.csv
[ Info: 
[ Info: ================================================================================
[ Info: Step 2: Bayesian Inference with Advanced Diagnostics
[ Info: ================================================================================
[ Info: Running inference with diagnostics...
[ Info:   Observations: 500
[ Info:   Prior: Beta(4.0, 8.0)
[ Info:   Iterations: 10
[ Info:   Benchmark runs: 3
â”Œ Info: Running inference with diagnostics
â””   config = DiagnosticConfig(true, true, false, true, true)
[ Info: Memory Addon enabled - will trace message computations
[ Info: Benchmark run 1/3
[ Info: Starting iteration 1
â”Œ Info: Updated Î¸
â”‚   mean = 0.736328125
â””   std = 0.019454000191684466
[ Info: Completed iteration 1
[ Info: Starting iteration 2
â”Œ Info: Updated Î¸
â”‚   mean = 0.736328125
â””   std = 0.019454000191684466
Progress:  20%|â–ˆâ–ˆâ–ˆâ–ˆâ–ˆâ–ˆâ–ˆâ–ˆâ–                                |  ETA: 0:00:03[K[ Info: Completed iteration 2
[ Info: Starting iteration 3
â”Œ Info: Updated Î¸
â”‚   mean = 0.736328125
â””   std = 0.019454000191684466
[ Info: Completed iteration 3
[ Info: Starting iteration 4
â”Œ Info: Updated Î¸
â”‚   mean = 0.736328125
â””   std = 0.019454000191684466
[ Info: Completed iteration 4
[ Info: Starting iteration 5
â”Œ Info: Updated Î¸
â”‚   mean = 0.736328125
â””   std = 0.019454000191684466
[ Info: Completed iteration 5
[ Info: Starting iteration 6
â”Œ Info: Updated Î¸
â”‚   mean = 0.736328125
â””   std = 0.019454000191684466
[ Info: Completed iteration 6
[ Info: Starting iteration 7
â”Œ Info: Updated Î¸
â”‚   mean = 0.736328125
â””   std = 0.019454000191684466
[ Info: Completed iteration 7
[ Info: Starting iteration 8
â”Œ Info: Updated Î¸
â”‚   mean = 0.736328125
â””   std = 0.019454000191684466
[ Info: Completed iteration 8
[ Info: Starting iteration 9
â”Œ Info: Updated Î¸
â”‚   mean = 0.736328125
â””   std = 0.019454000191684466
[ Info: Completed iteration 9
[ Info: Starting iteration 10
â”Œ Info: Updated Î¸
â”‚   mean = 0.736328125
â””   std = 0.019454000191684466
Progress: 100%|â–ˆâ–ˆâ–ˆâ–ˆâ–ˆâ–ˆâ–ˆâ–ˆâ–ˆâ–ˆâ–ˆâ–ˆâ–ˆâ–ˆâ–ˆâ–ˆâ–ˆâ–ˆâ–ˆâ–ˆâ–ˆâ–ˆâ–ˆâ–ˆâ–ˆâ–ˆâ–ˆâ–ˆâ–ˆâ–ˆâ–ˆâ–ˆâ–ˆâ–ˆâ–ˆâ–ˆâ–ˆâ–ˆâ–ˆâ–ˆâ–ˆ| Time: 0:00:00[K
[ Info: Completed iteration 10
[ Info: Benchmark run 2/3
[ Info: Benchmark run 3/3
[ Info: Extracting memory trace...
[ Info: Extracting benchmark statistics...
[ Info: Inference completed
[ Info:   Posterior: Beta{Float64}
[ Info:   Parameters: (377.0, 135.0)
[ Info: 
[ Info: ================================================================================
[ Info: Step 3: Processing Diagnostic Results
[ Info: ================================================================================
[ Info: Saving diagnostic results to outputs/diagnostics
â”Œ Info: Saved memory trace
â””   filepath = "outputs/diagnostics/memory_trace.json"
â”Œ Info: Saved callback trace
â””   filepath = "outputs/diagnostics/callback_trace.json"
â”Œ Info: Saved iteration events
â””   filepath = "outputs/diagnostics/iteration_events.csv"
â”Œ Info: Saved marginal updates
â””   filepath = "outputs/diagnostics/marginal_updates.csv"
â”Œ Info: Saved benchmark statistics
â””   filepath = "outputs/diagnostics/benchmark_stats.csv"
â”Œ Info: Saved benchmark summary
â””   filepath = "outputs/diagnostics/benchmark_summary.json"
â”Œ Info: Saved message trace report
â””   filepath = "outputs/diagnostics/message_trace_report.txt"
â”Œ Info: Saved iteration trace report
â””   filepath = "outputs/diagnostics/iteration_trace_report.txt"
[ Info: 
[ Info: Performance Benchmark Statistics (3 runs):
â”Œâ”€â”€â”€â”€â”€â”€â”€â”€â”€â”€â”€â”€â”€â”€â”€â”€â”¬â”€â”€â”€â”€â”€â”€â”€â”€â”€â”€â”€â”€â”¬â”€â”€â”€â”€â”€â”€â”€â”€â”€â”€â”€â”€â”€â”¬â”€â”€â”€â”€â”€â”€â”€â”€â”€â”€â”€â”€â”€â”¬â”€â”€â”€â”€â”€â”€â”€â”€â”€â”€â”€â”€â”€â”¬â”€â”€â”€â”€â”€â”€â”€â”€â”€â”€â”€â”€â”€â”¬â”€â”€â”€â”€â”€â”€â”€â”€â”€â”¬â”€â”€â”€â”€â”€â”€â”€â”€â”€â”¬â”€â”€â”€â”€â”€â”€â”€â”€â”€â”¬â”€â”€â”€â”€â”€â”€â”€â”€â”€â”€â”€â”¬â”€â”€â”€â”€â”€â”€â”€â”€â”€â”
â”‚      Operation â”‚     Min_ns â”‚      Max_ns â”‚     Mean_ns â”‚   Median_ns â”‚      Std_ns â”‚  Min_Î¼s â”‚  Max_Î¼s â”‚ Mean_Î¼s â”‚ Median_Î¼s â”‚  Std_Î¼s â”‚
â”œâ”€â”€â”€â”€â”€â”€â”€â”€â”€â”€â”€â”€â”€â”€â”€â”€â”¼â”€â”€â”€â”€â”€â”€â”€â”€â”€â”€â”€â”€â”¼â”€â”€â”€â”€â”€â”€â”€â”€â”€â”€â”€â”€â”€â”¼â”€â”€â”€â”€â”€â”€â”€â”€â”€â”€â”€â”€â”€â”¼â”€â”€â”€â”€â”€â”€â”€â”€â”€â”€â”€â”€â”€â”¼â”€â”€â”€â”€â”€â”€â”€â”€â”€â”€â”€â”€â”€â”¼â”€â”€â”€â”€â”€â”€â”€â”€â”€â”¼â”€â”€â”€â”€â”€â”€â”€â”€â”€â”¼â”€â”€â”€â”€â”€â”€â”€â”€â”€â”¼â”€â”€â”€â”€â”€â”€â”€â”€â”€â”€â”€â”¼â”€â”€â”€â”€â”€â”€â”€â”€â”€â”¤
â”‚ Model creation â”‚ 4339541.00 â”‚ 19545791.00 â”‚ 11942666.00 â”‚ 11942666.00 â”‚ 10752442.49 â”‚ 4339.54 â”‚ 19545.8 â”‚ 11942.7 â”‚   11942.7 â”‚ 10752.4 â”‚
â”‚      Inference â”‚ 4515458.00 â”‚ 23659917.00 â”‚ 14087687.50 â”‚ 14087687.50 â”‚ 13537176.78 â”‚ 4515.46 â”‚ 23659.9 â”‚ 14087.7 â”‚   14087.7 â”‚ 13537.2 â”‚
â”‚      Iteration â”‚  414208.00 â”‚  4508625.00 â”‚   650976.95 â”‚   447374.50 â”‚   908365.02 â”‚  414.21 â”‚ 4508.62 â”‚ 650.977 â”‚   447.375 â”‚ 908.365 â”‚
â””â”€â”€â”€â”€â”€â”€â”€â”€â”€â”€â”€â”€â”€â”€â”€â”€â”´â”€â”€â”€â”€â”€â”€â”€â”€â”€â”€â”€â”€â”´â”€â”€â”€â”€â”€â”€â”€â”€â”€â”€â”€â”€â”€â”´â”€â”€â”€â”€â”€â”€â”€â”€â”€â”€â”€â”€â”€â”´â”€â”€â”€â”€â”€â”€â”€â”€â”€â”€â”€â”€â”€â”´â”€â”€â”€â”€â”€â”€â”€â”€â”€â”€â”€â”€â”€â”´â”€â”€â”€â”€â”€â”€â”€â”€â”€â”´â”€â”€â”€â”€â”€â”€â”€â”€â”€â”´â”€â”€â”€â”€â”€â”€â”€â”€â”€â”´â”€â”€â”€â”€â”€â”€â”€â”€â”€â”€â”€â”´â”€â”€â”€â”€â”€â”€â”€â”€â”€â”˜
[ Info: 
[ Info: Message Trace Summary:
[ Info:   Variable: Î¸
[ Info:   Posterior Type: ReactiveMP.Marginal{Beta{Float64}, Tuple{ReactiveMP.AddonMemory{ReactiveMP.AddonMemoryProd{Any}}}}
[ Info:   Posterior Parameters: (377.0, 135.0)
[ Info:   Full trace saved to: outputs/diagnostics/message_trace_report.txt
[ Info: 
[ Info: Callback Trace Summary:
[ Info:   Total events: 30
[ Info:   Marginal updates: 10
[ Info:   Updated variables: ["Î¸"]
[ Info: 
[ Info: ================================================================================
[ Info: Step 4: Statistical Analysis
[ Info: ================================================================================
[ Info: Posterior Statistics:
[ Info:   Mean: 0.7363
[ Info:   Mode: 0.7373
[ Info:   Std: 0.0195
[ Info:   95% CI: [0.6973, 0.7736]
[ Info: Analytical vs RxInfer comparison:
[ Info:   Analytical: Î±=377.0, Î²=135.0
[ Info:   RxInfer: Î±=377.0, Î²=135.0
[ Info: Log marginal likelihood: -289.5483
[ Info: 
[ Info: ================================================================================
[ Info: Step 5: Visualization
[ Info: ================================================================================
[ Info: Creating comprehensive dashboard...
â”Œ Info: Saved plot
â””   filepath = "outputs/plots/comprehensive_dashboard.png"
[ Info: Creating individual diagnostic plots...
â”Œ Info: Saved plot
â””   filepath = "outputs/plots/prior_posterior.png"
â”Œ Info: Saved plot
â””   filepath = "outputs/plots/credible_interval.png"
â”Œ Info: Saved plot
â””   filepath = "outputs/plots/data_histogram.png"
â”Œ Info: Saved plot
â””   filepath = "outputs/plots/posterior_predictive.png"
â”Œ Info: Saved plot
â””   filepath = "outputs/plots/free_energy_convergence.png"
[ Info: Creating posterior evolution timeseries...
â”Œ Info: Saved plot
â””   filepath = "outputs/plots/posterior_evolution.png"
[ Info: Creating comprehensive timeseries dashboard (ALL metrics)...
â”Œ Error: Experiment failed
â”‚   exception =
â”‚    MethodError: no method matching var"#compute_temporal_evolution#1"(::Nothing, ::typeof(compute_temporal_evolution), ::Vector{Float64}, ::Float64, ::Float64)
â”‚    The function `#compute_temporal_evolution#1` exists, but no method is defined for this combination of argument types.
â”‚    
â”‚    Closest candidates are:
â”‚      var"#compute_temporal_evolution#1"(!Matched::Vector{Int64}, ::typeof(compute_temporal_evolution), ::Vector{Float64}, ::Float64, ::Float64)
â”‚       @ Main.TimeseriesDiagnostics ~/Documents/GitHub/RxInferExamples.jl/research/cointoss/src/timeseries_diagnostics.jl:28
â”‚    
â”‚    Stacktrace:
â”‚     [1] compute_temporal_evolution(data::Vector{Float64}, prior_a::Float64, prior_b::Float64)
â”‚       @ Main.TimeseriesDiagnostics ~/Documents/GitHub/RxInferExamples.jl/research/cointoss/src/timeseries_diagnostics.jl:28
â”‚     [2] create_comprehensive_timeseries_dashboard(data::Vector{Float64}, prior_a::Float64, prior_b::Float64; true_theta::Float64, theme::String)
â”‚       @ Main.TimeseriesDiagnostics ~/Documents/GitHub/RxInferExamples.jl/research/cointoss/src/timeseries_diagnostics.jl:161
â”‚     [3] run_experiment_with_diagnostics(config::Dict{String, Any}; skip_animation::Bool)
â”‚       @ Main ~/Documents/GitHub/RxInferExamples.jl/research/cointoss/run_with_diagnostics.jl:386
â”‚     [4] top-level scope
â”‚       @ ~/Documents/GitHub/RxInferExamples.jl/research/cointoss/run_with_diagnostics.jl:506
â”” @ Main ~/Documents/GitHub/RxInferExamples.jl/research/cointoss/run_with_diagnostics.jl:513
