  Activating project at `~/Documents/GitHub/RxInferExamples.jl/research/cointoss`
[ Info: ================================================================================
[ Info: Coin Toss Model - Bayesian Inference with Advanced Diagnostics
[ Info: ================================================================================
┌ Info: Logging configured
│   verbose = true
│   structured = true
└   performance = true
[ Info: Configuration Summary:
[ Info:   Data: n=500, θ=0.75, seed=42
[ Info:   Prior: Beta(4.0, 8.0)
[ Info:   Inference: 10 iterations
[ Info:   Diagnostics: Memory=true, Callbacks=true, Benchmark=true
[ Info:   Theme: default
[ Info: 
[ Info: ================================================================================
[ Info: Step 1: Data Generation
[ Info: ================================================================================
[ Info: Generated 500 coin tosses
[ Info:   True θ: 0.75
[ Info:   Observed heads: 373.0 (74.6%)
[ Info: Saved observations to: outputs/data/coin_toss_observations.csv
┌ Error: Experiment failed
│   exception =
│    type CoinData has no field true_theta
│    Stacktrace:
│     [1] getproperty
│       @ ./Base.jl:49 [inlined]
│     [2] run_experiment_with_diagnostics(config::Dict{String, Any}; skip_animation::Bool)
│       @ Main ~/Documents/GitHub/RxInferExamples.jl/research/cointoss/run_with_diagnostics.jl:154
│     [3] top-level scope
│       @ ~/Documents/GitHub/RxInferExamples.jl/research/cointoss/run_with_diagnostics.jl:471
└ @ Main ~/Documents/GitHub/RxInferExamples.jl/research/cointoss/run_with_diagnostics.jl:478
