  Activating project at `~/Documents/GitHub/RxInferExamples.jl/research/cointoss`
[ Info: ================================================================================
[ Info: Coin Toss Model - Bayesian Inference with Advanced Diagnostics
[ Info: ================================================================================
â”Œ Info: Logging configured
â”‚   verbose = true
â”‚   structured = true
â””   performance = true
[ Info: Configuration Summary:
[ Info:   Data: n=500, Î¸=0.75, seed=42
[ Info:   Prior: Beta(4.0, 8.0)
[ Info:   Inference: 10 iterations
[ Info:   Diagnostics: Memory=true, Callbacks=true, Benchmark=true
[ Info:   Theme: default
[ Info: 
[ Info: ================================================================================
[ Info: Step 1: Data Generation
[ Info: ================================================================================
[ Info: Generated 500 coin tosses
[ Info:   True Î¸: 0.75
[ Info:   Observed heads: 373.0 (74.6%)
[ Info: Saved observations to: outputs/data/coin_toss_observations.csv
[ Info: 
[ Info: ================================================================================
[ Info: Step 2: Bayesian Inference with Advanced Diagnostics
[ Info: ================================================================================
[ Info: Running inference with diagnostics...
[ Info:   Observations: 500
[ Info:   Prior: Beta(4.0, 8.0)
[ Info:   Iterations: 10
[ Info:   Benchmark runs: 3
â”Œ Info: Running inference with diagnostics
â””   config = DiagnosticConfig(true, true, false, true, true)
[ Info: Memory Addon enabled - will trace message computations
[ Info: Benchmark run 1/3
[ Info: Starting iteration 1
â”Œ Info: Updated Î¸
â”‚   mean = 0.736328125
â””   std = 0.019454000191684466
[ Info: Completed iteration 1
[ Info: Starting iteration 2
â”Œ Info: Updated Î¸
â”‚   mean = 0.736328125
â””   std = 0.019454000191684466
Progress:  20%|â–ˆâ–ˆâ–ˆâ–ˆâ–ˆâ–ˆâ–ˆâ–ˆâ–                                |  ETA: 0:00:02[K[ Info: Completed iteration 2
[ Info: Starting iteration 3
â”Œ Info: Updated Î¸
â”‚   mean = 0.736328125
â””   std = 0.019454000191684466
[ Info: Completed iteration 3
[ Info: Starting iteration 4
â”Œ Info: Updated Î¸
â”‚   mean = 0.736328125
â””   std = 0.019454000191684466
[ Info: Completed iteration 4
[ Info: Starting iteration 5
â”Œ Info: Updated Î¸
â”‚   mean = 0.736328125
â””   std = 0.019454000191684466
[ Info: Completed iteration 5
[ Info: Starting iteration 6
â”Œ Info: Updated Î¸
â”‚   mean = 0.736328125
â””   std = 0.019454000191684466
[ Info: Completed iteration 6
[ Info: Starting iteration 7
â”Œ Info: Updated Î¸
â”‚   mean = 0.736328125
â””   std = 0.019454000191684466
[ Info: Completed iteration 7
[ Info: Starting iteration 8
â”Œ Info: Updated Î¸
â”‚   mean = 0.736328125
â””   std = 0.019454000191684466
[ Info: Completed iteration 8
[ Info: Starting iteration 9
â”Œ Info: Updated Î¸
â”‚   mean = 0.736328125
â””   std = 0.019454000191684466
[ Info: Completed iteration 9
[ Info: Starting iteration 10
â”Œ Info: Updated Î¸
â”‚   mean = 0.736328125
â””   std = 0.019454000191684466
Progress: 100%|â–ˆâ–ˆâ–ˆâ–ˆâ–ˆâ–ˆâ–ˆâ–ˆâ–ˆâ–ˆâ–ˆâ–ˆâ–ˆâ–ˆâ–ˆâ–ˆâ–ˆâ–ˆâ–ˆâ–ˆâ–ˆâ–ˆâ–ˆâ–ˆâ–ˆâ–ˆâ–ˆâ–ˆâ–ˆâ–ˆâ–ˆâ–ˆâ–ˆâ–ˆâ–ˆâ–ˆâ–ˆâ–ˆâ–ˆâ–ˆâ–ˆ| Time: 0:00:00[K
[ Info: Completed iteration 10
[ Info: Benchmark run 2/3
[ Info: Benchmark run 3/3
[ Info: Extracting memory trace...
[ Info: Extracting benchmark statistics...
[ Info: Inference completed
[ Info:   Posterior: Beta{Float64}
[ Info:   Parameters: (377.0, 135.0)
[ Info: 
[ Info: ================================================================================
[ Info: Step 3: Processing Diagnostic Results
[ Info: ================================================================================
[ Info: Saving diagnostic results to outputs/diagnostics
â”Œ Info: Saved memory trace
â””   filepath = "outputs/diagnostics/memory_trace.json"
â”Œ Info: Saved callback trace
â””   filepath = "outputs/diagnostics/callback_trace.json"
â”Œ Info: Saved iteration events
â””   filepath = "outputs/diagnostics/iteration_events.csv"
â”Œ Info: Saved marginal updates
â””   filepath = "outputs/diagnostics/marginal_updates.csv"
â”Œ Info: Saved benchmark statistics
â””   filepath = "outputs/diagnostics/benchmark_stats.csv"
â”Œ Info: Saved benchmark summary
â””   filepath = "outputs/diagnostics/benchmark_summary.json"
â”Œ Info: Saved message trace report
â””   filepath = "outputs/diagnostics/message_trace_report.txt"
â”Œ Info: Saved iteration trace report
â””   filepath = "outputs/diagnostics/iteration_trace_report.txt"
[ Info: 
[ Info: Performance Benchmark Statistics (3 runs):
â”Œâ”€â”€â”€â”€â”€â”€â”€â”€â”€â”€â”€â”€â”€â”€â”€â”€â”¬â”€â”€â”€â”€â”€â”€â”€â”€â”€â”€â”€â”€â”¬â”€â”€â”€â”€â”€â”€â”€â”€â”€â”€â”€â”€â”€â”¬â”€â”€â”€â”€â”€â”€â”€â”€â”€â”€â”€â”€â”€â”¬â”€â”€â”€â”€â”€â”€â”€â”€â”€â”€â”€â”€â”€â”¬â”€â”€â”€â”€â”€â”€â”€â”€â”€â”€â”€â”€â”€â”¬â”€â”€â”€â”€â”€â”€â”€â”€â”€â”¬â”€â”€â”€â”€â”€â”€â”€â”€â”€â”¬â”€â”€â”€â”€â”€â”€â”€â”€â”€â”¬â”€â”€â”€â”€â”€â”€â”€â”€â”€â”€â”€â”¬â”€â”€â”€â”€â”€â”€â”€â”€â”€â”
â”‚      Operation â”‚     Min_ns â”‚      Max_ns â”‚     Mean_ns â”‚   Median_ns â”‚      Std_ns â”‚  Min_Î¼s â”‚  Max_Î¼s â”‚ Mean_Î¼s â”‚ Median_Î¼s â”‚  Std_Î¼s â”‚
â”œâ”€â”€â”€â”€â”€â”€â”€â”€â”€â”€â”€â”€â”€â”€â”€â”€â”¼â”€â”€â”€â”€â”€â”€â”€â”€â”€â”€â”€â”€â”¼â”€â”€â”€â”€â”€â”€â”€â”€â”€â”€â”€â”€â”€â”¼â”€â”€â”€â”€â”€â”€â”€â”€â”€â”€â”€â”€â”€â”¼â”€â”€â”€â”€â”€â”€â”€â”€â”€â”€â”€â”€â”€â”¼â”€â”€â”€â”€â”€â”€â”€â”€â”€â”€â”€â”€â”€â”¼â”€â”€â”€â”€â”€â”€â”€â”€â”€â”¼â”€â”€â”€â”€â”€â”€â”€â”€â”€â”¼â”€â”€â”€â”€â”€â”€â”€â”€â”€â”¼â”€â”€â”€â”€â”€â”€â”€â”€â”€â”€â”€â”¼â”€â”€â”€â”€â”€â”€â”€â”€â”€â”¤
â”‚ Model creation â”‚ 4139292.00 â”‚ 20015583.00 â”‚ 12077437.50 â”‚ 12077437.50 â”‚ 11226233.03 â”‚ 4139.29 â”‚ 20015.6 â”‚ 12077.4 â”‚   12077.4 â”‚ 11226.2 â”‚
â”‚      Inference â”‚ 3359833.00 â”‚ 22962833.00 â”‚ 13161333.00 â”‚ 13161333.00 â”‚ 13861414.23 â”‚ 3359.83 â”‚ 22962.8 â”‚ 13161.3 â”‚   13161.3 â”‚ 13861.4 â”‚
â”‚      Iteration â”‚  306708.00 â”‚  4504709.00 â”‚   534960.45 â”‚   324083.00 â”‚   934470.30 â”‚  306.71 â”‚ 4504.71 â”‚  534.96 â”‚   324.083 â”‚  934.47 â”‚
â””â”€â”€â”€â”€â”€â”€â”€â”€â”€â”€â”€â”€â”€â”€â”€â”€â”´â”€â”€â”€â”€â”€â”€â”€â”€â”€â”€â”€â”€â”´â”€â”€â”€â”€â”€â”€â”€â”€â”€â”€â”€â”€â”€â”´â”€â”€â”€â”€â”€â”€â”€â”€â”€â”€â”€â”€â”€â”´â”€â”€â”€â”€â”€â”€â”€â”€â”€â”€â”€â”€â”€â”´â”€â”€â”€â”€â”€â”€â”€â”€â”€â”€â”€â”€â”€â”´â”€â”€â”€â”€â”€â”€â”€â”€â”€â”´â”€â”€â”€â”€â”€â”€â”€â”€â”€â”´â”€â”€â”€â”€â”€â”€â”€â”€â”€â”´â”€â”€â”€â”€â”€â”€â”€â”€â”€â”€â”€â”´â”€â”€â”€â”€â”€â”€â”€â”€â”€â”˜
[ Info: 
[ Info: Message Trace Summary:
[ Info:   Variable: Î¸
[ Info:   Posterior Type: ReactiveMP.Marginal{Beta{Float64}, Tuple{ReactiveMP.AddonMemory{ReactiveMP.AddonMemoryProd{Any}}}}
[ Info:   Posterior Parameters: (377.0, 135.0)
[ Info:   Full trace saved to: outputs/diagnostics/message_trace_report.txt
[ Info: 
[ Info: Callback Trace Summary:
[ Info:   Total events: 30
[ Info:   Marginal updates: 10
[ Info:   Updated variables: ["Î¸"]
[ Info: 
[ Info: ================================================================================
[ Info: Step 4: Statistical Analysis
[ Info: ================================================================================
[ Info: Posterior Statistics:
â”Œ Error: Exception while generating log record in module Main at /Users/4d/Documents/GitHub/RxInferExamples.jl/research/cointoss/run_with_diagnostics.jl:282
â”‚   exception =
â”‚    type Dict has no field mean
â”‚    Stacktrace:
â”‚     [1] getproperty
â”‚       @ ./Base.jl:49 [inlined]
â”‚     [2] macro expansion
â”‚       @ ./logging/logging.jl:385 [inlined]
â”‚     [3] run_experiment_with_diagnostics(config::Dict{String, Any}; skip_animation::Bool)
â”‚       @ Main ~/Documents/GitHub/RxInferExamples.jl/research/cointoss/run_with_diagnostics.jl:282
â”‚     [4] top-level scope
â”‚       @ ~/Documents/GitHub/RxInferExamples.jl/research/cointoss/run_with_diagnostics.jl:474
â”” @ Main ~/Documents/GitHub/RxInferExamples.jl/research/cointoss/run_with_diagnostics.jl:282
â”Œ Error: Exception while generating log record in module Main at /Users/4d/Documents/GitHub/RxInferExamples.jl/research/cointoss/run_with_diagnostics.jl:283
â”‚   exception =
â”‚    type Dict has no field mode
â”‚    Stacktrace:
â”‚     [1] getproperty
â”‚       @ ./Base.jl:49 [inlined]
â”‚     [2] macro expansion
â”‚       @ ./logging/logging.jl:385 [inlined]
â”‚     [3] run_experiment_with_diagnostics(config::Dict{String, Any}; skip_animation::Bool)
â”‚       @ Main ~/Documents/GitHub/RxInferExamples.jl/research/cointoss/run_with_diagnostics.jl:283
â”‚     [4] top-level scope
â”‚       @ ~/Documents/GitHub/RxInferExamples.jl/research/cointoss/run_with_diagnostics.jl:474
â”” @ Main ~/Documents/GitHub/RxInferExamples.jl/research/cointoss/run_with_diagnostics.jl:283
â”Œ Error: Exception while generating log record in module Main at /Users/4d/Documents/GitHub/RxInferExamples.jl/research/cointoss/run_with_diagnostics.jl:284
â”‚   exception =
â”‚    type Dict has no field std
â”‚    Stacktrace:
â”‚     [1] getproperty
â”‚       @ ./Base.jl:49 [inlined]
â”‚     [2] macro expansion
â”‚       @ ./logging/logging.jl:385 [inlined]
â”‚     [3] run_experiment_with_diagnostics(config::Dict{String, Any}; skip_animation::Bool)
â”‚       @ Main ~/Documents/GitHub/RxInferExamples.jl/research/cointoss/run_with_diagnostics.jl:284
â”‚     [4] top-level scope
â”‚       @ ~/Documents/GitHub/RxInferExamples.jl/research/cointoss/run_with_diagnostics.jl:474
â”” @ Main ~/Documents/GitHub/RxInferExamples.jl/research/cointoss/run_with_diagnostics.jl:284
â”Œ Error: Exception while generating log record in module Main at /Users/4d/Documents/GitHub/RxInferExamples.jl/research/cointoss/run_with_diagnostics.jl:285
â”‚   exception =
â”‚    type Dict has no field ci_lower
â”‚    Stacktrace:
â”‚     [1] getproperty
â”‚       @ ./Base.jl:49 [inlined]
â”‚     [2] macro expansion
â”‚       @ ./logging/logging.jl:385 [inlined]
â”‚     [3] run_experiment_with_diagnostics(config::Dict{String, Any}; skip_animation::Bool)
â”‚       @ Main ~/Documents/GitHub/RxInferExamples.jl/research/cointoss/run_with_diagnostics.jl:285
â”‚     [4] top-level scope
â”‚       @ ~/Documents/GitHub/RxInferExamples.jl/research/cointoss/run_with_diagnostics.jl:474
â”” @ Main ~/Documents/GitHub/RxInferExamples.jl/research/cointoss/run_with_diagnostics.jl:285
[ Info: Analytical vs RxInfer comparison:
[ Info:   Analytical: Î±=377.0, Î²=135.0
[ Info:   RxInfer: Î±=377.0, Î²=135.0
[ Info: Log marginal likelihood: -289.5483
â”Œ Error: Experiment failed
â”‚   exception =
â”‚    type Dict has no field mean
â”‚    Stacktrace:
â”‚     [1] getproperty
â”‚       @ ./Base.jl:49 [inlined]
â”‚     [2] run_experiment_with_diagnostics(config::Dict{String, Any}; skip_animation::Bool)
â”‚       @ Main ~/Documents/GitHub/RxInferExamples.jl/research/cointoss/run_with_diagnostics.jl:306
â”‚     [3] top-level scope
â”‚       @ ~/Documents/GitHub/RxInferExamples.jl/research/cointoss/run_with_diagnostics.jl:474
â”” @ Main ~/Documents/GitHub/RxInferExamples.jl/research/cointoss/run_with_diagnostics.jl:481
